MCMCTREE (paml version 4.10.9, 7 May 2025) mcmc_prep_no_partition.dummy.phy


*** Locus 1 ***
    124      1

Musca_domestica                 A
Thermobia_domestica             A
Mantidae                        A
Meloidae                        A
Tomoceridae                     A
Anurida_maritima                A
Panorpidae                      A
Gyrinidae                       A
Epiophlebia_superstes           A
Tenthredinidae                  A
Tetrodontophora_bielanensis     A
Boreidae                        A
Ctenocephalides_felis           A
Forficula_auricularia           A
Locusta_migratoria              A
Trichogramma_evanescens         A
Scolopendra_cingulata           A
Triopsidae                      A
Mayetiola_destructor            A
Strigamia_maritima              A
Lasius_niger                    A
Blattella_germanica             A
Armadillidium_vulgare           A
Talitridae                      A
Armadillidium_nasatum           A
Nymphonidae                     A
Gryllus_bimaculatus             A
Chironomidae                    A
Phalangium_opilio               A
Acaridae                        A
Clogmia_albipunctata            A
Tribolium_confusum              A
Lampyridae                      A
Pyrrhocoris_apterus             A
Simocephalus_vetulus            A
Macrocentrus_cingulum           A
Erebidae                        A
Cytherideidae                   A
Allacma_fusca                   A
Acanthoscelides_obtectus        A
Meganyctiphanes_norvegica       A
Asellus_aquaticus               A
Nymphalis_antiopa               A
Epiphyas_postvittana            A
Drosophila_melanogaster         A
Tetranychus_urticae             A
Parasteatoda_tepidariorum       A
Leptinotarsa_decemlineata       A
Limulus_polyphemus              A
Copidosoma_floridanum           A
Scarabaeidae                    A
Aedes_aegypti                   A
Sitophilus_oryzae               A
Camponotus_floridanus           A
Apis_mellifera                  A
Drosophila_hydei                A
Acyrthosiphon_pisum             A
Nasonia_vitripennis             A
Drosophila_busckii              A
Bradysia_coprophila             A
Macrobrachium_nipponense        A
Penaeus_monodon                 A
Lucilia_sericata                A
Culex_quinquefasciatus          A
Bactrocera_tryoni               A
Penaeus_japonicus               A
Drosophila_willistoni           A
Ichneumonidae                   A
Parachela                       A
Daphnia_magna                   A
Helicoverpa_zea                 A
Schistocerca_gregaria           A
Pectinophora_gossypiella        A
Phlebotomus_papatasi            A
Papilionidae                    A
Bombyx_mori                     A
Drosophila_virilis              A
Tribolium_castaneum             A
Artemiidae                      A
Blattidae                       A
Tettigoniidae                   A
Penaeus_vannamei                A
Pieris_rapae                    A
Pararge_aegeria                 A
Athalia_rosae                   A
Anopheles_gambiae               A
Planococcus_citri               A
Calliphora_vicina               A
Stomoxys_calcitrans             A
Tenebrio_molitor                A
Diaptomidae                     A
Inocellia_japonica              A
Sialidae                        A
Blissidae                       A
Oncopeltus_fasciatus            A
Phlaeothripidae                 A
Dytiscidae                      A
Odontotaenius_disjunctus        A
Hydrophilidae                   A
Carabidae                       A
Stenopsychidae                  A
Rhodnius_prolixus               A
Icerya_purchasi                 A
Hepialidae                      A
Scutigerellidae                 A
Glomeridae                      A
Callosobruchus_maculatus        A
Antheraea_pernyi                A
Liposcelididae                  A
Parhyale_hawaiensis             A
Sididae                         A
Gammaridae                      A
Acheta_domesticus               A
Palinuridae                     A
Pseudoscorpiones                A
Leptocheliidae                  A
Calanidae                       A
Amblypygi                       A
Euscorpiidae                    A
Mysidae                         A
Peripatopsidae                  A
Peripatidae                     A
Machilidae                      A
Agelenidae                      A



Printing out site pattern counts


       124          1  P

Musca_domestica                 A
Thermobia_domestica             A
Mantidae                        A
Meloidae                        A
Tomoceridae                     A
Anurida_maritima                A
Panorpidae                      A
Gyrinidae                       A
Epiophlebia_superstes           A
Tenthredinidae                  A
Tetrodontophora_bielanensis     A
Boreidae                        A
Ctenocephalides_felis           A
Forficula_auricularia           A
Locusta_migratoria              A
Trichogramma_evanescens         A
Scolopendra_cingulata           A
Triopsidae                      A
Mayetiola_destructor            A
Strigamia_maritima              A
Lasius_niger                    A
Blattella_germanica             A
Armadillidium_vulgare           A
Talitridae                      A
Armadillidium_nasatum           A
Nymphonidae                     A
Gryllus_bimaculatus             A
Chironomidae                    A
Phalangium_opilio               A
Acaridae                        A
Clogmia_albipunctata            A
Tribolium_confusum              A
Lampyridae                      A
Pyrrhocoris_apterus             A
Simocephalus_vetulus            A
Macrocentrus_cingulum           A
Erebidae                        A
Cytherideidae                   A
Allacma_fusca                   A
Acanthoscelides_obtectus        A
Meganyctiphanes_norvegica       A
Asellus_aquaticus               A
Nymphalis_antiopa               A
Epiphyas_postvittana            A
Drosophila_melanogaster         A
Tetranychus_urticae             A
Parasteatoda_tepidariorum       A
Leptinotarsa_decemlineata       A
Limulus_polyphemus              A
Copidosoma_floridanum           A
Scarabaeidae                    A
Aedes_aegypti                   A
Sitophilus_oryzae               A
Camponotus_floridanus           A
Apis_mellifera                  A
Drosophila_hydei                A
Acyrthosiphon_pisum             A
Nasonia_vitripennis             A
Drosophila_busckii              A
Bradysia_coprophila             A
Macrobrachium_nipponense        A
Penaeus_monodon                 A
Lucilia_sericata                A
Culex_quinquefasciatus          A
Bactrocera_tryoni               A
Penaeus_japonicus               A
Drosophila_willistoni           A
Ichneumonidae                   A
Parachela                       A
Daphnia_magna                   A
Helicoverpa_zea                 A
Schistocerca_gregaria           A
Pectinophora_gossypiella        A
Phlebotomus_papatasi            A
Papilionidae                    A
Bombyx_mori                     A
Drosophila_virilis              A
Tribolium_castaneum             A
Artemiidae                      A
Blattidae                       A
Tettigoniidae                   A
Penaeus_vannamei                A
Pieris_rapae                    A
Pararge_aegeria                 A
Athalia_rosae                   A
Anopheles_gambiae               A
Planococcus_citri               A
Calliphora_vicina               A
Stomoxys_calcitrans             A
Tenebrio_molitor                A
Diaptomidae                     A
Inocellia_japonica              A
Sialidae                        A
Blissidae                       A
Oncopeltus_fasciatus            A
Phlaeothripidae                 A
Dytiscidae                      A
Odontotaenius_disjunctus        A
Hydrophilidae                   A
Carabidae                       A
Stenopsychidae                  A
Rhodnius_prolixus               A
Icerya_purchasi                 A
Hepialidae                      A
Scutigerellidae                 A
Glomeridae                      A
Callosobruchus_maculatus        A
Antheraea_pernyi                A
Liposcelididae                  A
Parhyale_hawaiensis             A
Sididae                         A
Gammaridae                      A
Acheta_domesticus               A
Palinuridae                     A
Pseudoscorpiones                A
Leptocheliidae                  A
Calanidae                       A
Amblypygi                       A
Euscorpiidae                    A
Mysidae                         A
Peripatopsidae                  A
Peripatidae                     A
Machilidae                      A
Agelenidae                      A



Frequencies..
                                    A      R      N      D      C      Q      E      G      H      I      L      K      M      F      P      S      T      W      Y      V
Musca_domestica                1.00000 0.00000 0.00000 0.00000 0.00000 0.00000 0.00000 0.00000 0.00000 0.00000 0.00000 0.00000 0.00000 0.00000 0.00000 0.00000 0.00000 0.00000 0.00000 0.00000
Thermobia_domestica            1.00000 0.00000 0.00000 0.00000 0.00000 0.00000 0.00000 0.00000 0.00000 0.00000 0.00000 0.00000 0.00000 0.00000 0.00000 0.00000 0.00000 0.00000 0.00000 0.00000
Mantidae                       1.00000 0.00000 0.00000 0.00000 0.00000 0.00000 0.00000 0.00000 0.00000 0.00000 0.00000 0.00000 0.00000 0.00000 0.00000 0.00000 0.00000 0.00000 0.00000 0.00000
Meloidae                       1.00000 0.00000 0.00000 0.00000 0.00000 0.00000 0.00000 0.00000 0.00000 0.00000 0.00000 0.00000 0.00000 0.00000 0.00000 0.00000 0.00000 0.00000 0.00000 0.00000
Tomoceridae                    1.00000 0.00000 0.00000 0.00000 0.00000 0.00000 0.00000 0.00000 0.00000 0.00000 0.00000 0.00000 0.00000 0.00000 0.00000 0.00000 0.00000 0.00000 0.00000 0.00000
Anurida_maritima               1.00000 0.00000 0.00000 0.00000 0.00000 0.00000 0.00000 0.00000 0.00000 0.00000 0.00000 0.00000 0.00000 0.00000 0.00000 0.00000 0.00000 0.00000 0.00000 0.00000
Panorpidae                     1.00000 0.00000 0.00000 0.00000 0.00000 0.00000 0.00000 0.00000 0.00000 0.00000 0.00000 0.00000 0.00000 0.00000 0.00000 0.00000 0.00000 0.00000 0.00000 0.00000
Gyrinidae                      1.00000 0.00000 0.00000 0.00000 0.00000 0.00000 0.00000 0.00000 0.00000 0.00000 0.00000 0.00000 0.00000 0.00000 0.00000 0.00000 0.00000 0.00000 0.00000 0.00000
Epiophlebia_superstes          1.00000 0.00000 0.00000 0.00000 0.00000 0.00000 0.00000 0.00000 0.00000 0.00000 0.00000 0.00000 0.00000 0.00000 0.00000 0.00000 0.00000 0.00000 0.00000 0.00000
Tenthredinidae                 1.00000 0.00000 0.00000 0.00000 0.00000 0.00000 0.00000 0.00000 0.00000 0.00000 0.00000 0.00000 0.00000 0.00000 0.00000 0.00000 0.00000 0.00000 0.00000 0.00000
Tetrodontophora_bielanensis    1.00000 0.00000 0.00000 0.00000 0.00000 0.00000 0.00000 0.00000 0.00000 0.00000 0.00000 0.00000 0.00000 0.00000 0.00000 0.00000 0.00000 0.00000 0.00000 0.00000
Boreidae                       1.00000 0.00000 0.00000 0.00000 0.00000 0.00000 0.00000 0.00000 0.00000 0.00000 0.00000 0.00000 0.00000 0.00000 0.00000 0.00000 0.00000 0.00000 0.00000 0.00000
Ctenocephalides_felis          1.00000 0.00000 0.00000 0.00000 0.00000 0.00000 0.00000 0.00000 0.00000 0.00000 0.00000 0.00000 0.00000 0.00000 0.00000 0.00000 0.00000 0.00000 0.00000 0.00000
Forficula_auricularia          1.00000 0.00000 0.00000 0.00000 0.00000 0.00000 0.00000 0.00000 0.00000 0.00000 0.00000 0.00000 0.00000 0.00000 0.00000 0.00000 0.00000 0.00000 0.00000 0.00000
Locusta_migratoria             1.00000 0.00000 0.00000 0.00000 0.00000 0.00000 0.00000 0.00000 0.00000 0.00000 0.00000 0.00000 0.00000 0.00000 0.00000 0.00000 0.00000 0.00000 0.00000 0.00000
Trichogramma_evanescens        1.00000 0.00000 0.00000 0.00000 0.00000 0.00000 0.00000 0.00000 0.00000 0.00000 0.00000 0.00000 0.00000 0.00000 0.00000 0.00000 0.00000 0.00000 0.00000 0.00000
Scolopendra_cingulata          1.00000 0.00000 0.00000 0.00000 0.00000 0.00000 0.00000 0.00000 0.00000 0.00000 0.00000 0.00000 0.00000 0.00000 0.00000 0.00000 0.00000 0.00000 0.00000 0.00000
Triopsidae                     1.00000 0.00000 0.00000 0.00000 0.00000 0.00000 0.00000 0.00000 0.00000 0.00000 0.00000 0.00000 0.00000 0.00000 0.00000 0.00000 0.00000 0.00000 0.00000 0.00000
Mayetiola_destructor           1.00000 0.00000 0.00000 0.00000 0.00000 0.00000 0.00000 0.00000 0.00000 0.00000 0.00000 0.00000 0.00000 0.00000 0.00000 0.00000 0.00000 0.00000 0.00000 0.00000
Strigamia_maritima             1.00000 0.00000 0.00000 0.00000 0.00000 0.00000 0.00000 0.00000 0.00000 0.00000 0.00000 0.00000 0.00000 0.00000 0.00000 0.00000 0.00000 0.00000 0.00000 0.00000
Lasius_niger                   1.00000 0.00000 0.00000 0.00000 0.00000 0.00000 0.00000 0.00000 0.00000 0.00000 0.00000 0.00000 0.00000 0.00000 0.00000 0.00000 0.00000 0.00000 0.00000 0.00000
Blattella_germanica            1.00000 0.00000 0.00000 0.00000 0.00000 0.00000 0.00000 0.00000 0.00000 0.00000 0.00000 0.00000 0.00000 0.00000 0.00000 0.00000 0.00000 0.00000 0.00000 0.00000
Armadillidium_vulgare          1.00000 0.00000 0.00000 0.00000 0.00000 0.00000 0.00000 0.00000 0.00000 0.00000 0.00000 0.00000 0.00000 0.00000 0.00000 0.00000 0.00000 0.00000 0.00000 0.00000
Talitridae                     1.00000 0.00000 0.00000 0.00000 0.00000 0.00000 0.00000 0.00000 0.00000 0.00000 0.00000 0.00000 0.00000 0.00000 0.00000 0.00000 0.00000 0.00000 0.00000 0.00000
Armadillidium_nasatum          1.00000 0.00000 0.00000 0.00000 0.00000 0.00000 0.00000 0.00000 0.00000 0.00000 0.00000 0.00000 0.00000 0.00000 0.00000 0.00000 0.00000 0.00000 0.00000 0.00000
Nymphonidae                    1.00000 0.00000 0.00000 0.00000 0.00000 0.00000 0.00000 0.00000 0.00000 0.00000 0.00000 0.00000 0.00000 0.00000 0.00000 0.00000 0.00000 0.00000 0.00000 0.00000
Gryllus_bimaculatus            1.00000 0.00000 0.00000 0.00000 0.00000 0.00000 0.00000 0.00000 0.00000 0.00000 0.00000 0.00000 0.00000 0.00000 0.00000 0.00000 0.00000 0.00000 0.00000 0.00000
Chironomidae                   1.00000 0.00000 0.00000 0.00000 0.00000 0.00000 0.00000 0.00000 0.00000 0.00000 0.00000 0.00000 0.00000 0.00000 0.00000 0.00000 0.00000 0.00000 0.00000 0.00000
Phalangium_opilio              1.00000 0.00000 0.00000 0.00000 0.00000 0.00000 0.00000 0.00000 0.00000 0.00000 0.00000 0.00000 0.00000 0.00000 0.00000 0.00000 0.00000 0.00000 0.00000 0.00000
Acaridae                       1.00000 0.00000 0.00000 0.00000 0.00000 0.00000 0.00000 0.00000 0.00000 0.00000 0.00000 0.00000 0.00000 0.00000 0.00000 0.00000 0.00000 0.00000 0.00000 0.00000
Clogmia_albipunctata           1.00000 0.00000 0.00000 0.00000 0.00000 0.00000 0.00000 0.00000 0.00000 0.00000 0.00000 0.00000 0.00000 0.00000 0.00000 0.00000 0.00000 0.00000 0.00000 0.00000
Tribolium_confusum             1.00000 0.00000 0.00000 0.00000 0.00000 0.00000 0.00000 0.00000 0.00000 0.00000 0.00000 0.00000 0.00000 0.00000 0.00000 0.00000 0.00000 0.00000 0.00000 0.00000
Lampyridae                     1.00000 0.00000 0.00000 0.00000 0.00000 0.00000 0.00000 0.00000 0.00000 0.00000 0.00000 0.00000 0.00000 0.00000 0.00000 0.00000 0.00000 0.00000 0.00000 0.00000
Pyrrhocoris_apterus            1.00000 0.00000 0.00000 0.00000 0.00000 0.00000 0.00000 0.00000 0.00000 0.00000 0.00000 0.00000 0.00000 0.00000 0.00000 0.00000 0.00000 0.00000 0.00000 0.00000
Simocephalus_vetulus           1.00000 0.00000 0.00000 0.00000 0.00000 0.00000 0.00000 0.00000 0.00000 0.00000 0.00000 0.00000 0.00000 0.00000 0.00000 0.00000 0.00000 0.00000 0.00000 0.00000
Macrocentrus_cingulum          1.00000 0.00000 0.00000 0.00000 0.00000 0.00000 0.00000 0.00000 0.00000 0.00000 0.00000 0.00000 0.00000 0.00000 0.00000 0.00000 0.00000 0.00000 0.00000 0.00000
Erebidae                       1.00000 0.00000 0.00000 0.00000 0.00000 0.00000 0.00000 0.00000 0.00000 0.00000 0.00000 0.00000 0.00000 0.00000 0.00000 0.00000 0.00000 0.00000 0.00000 0.00000
Cytherideidae                  1.00000 0.00000 0.00000 0.00000 0.00000 0.00000 0.00000 0.00000 0.00000 0.00000 0.00000 0.00000 0.00000 0.00000 0.00000 0.00000 0.00000 0.00000 0.00000 0.00000
Allacma_fusca                  1.00000 0.00000 0.00000 0.00000 0.00000 0.00000 0.00000 0.00000 0.00000 0.00000 0.00000 0.00000 0.00000 0.00000 0.00000 0.00000 0.00000 0.00000 0.00000 0.00000
Acanthoscelides_obtectus       1.00000 0.00000 0.00000 0.00000 0.00000 0.00000 0.00000 0.00000 0.00000 0.00000 0.00000 0.00000 0.00000 0.00000 0.00000 0.00000 0.00000 0.00000 0.00000 0.00000
Meganyctiphanes_norvegica      1.00000 0.00000 0.00000 0.00000 0.00000 0.00000 0.00000 0.00000 0.00000 0.00000 0.00000 0.00000 0.00000 0.00000 0.00000 0.00000 0.00000 0.00000 0.00000 0.00000
Asellus_aquaticus              1.00000 0.00000 0.00000 0.00000 0.00000 0.00000 0.00000 0.00000 0.00000 0.00000 0.00000 0.00000 0.00000 0.00000 0.00000 0.00000 0.00000 0.00000 0.00000 0.00000
Nymphalis_antiopa              1.00000 0.00000 0.00000 0.00000 0.00000 0.00000 0.00000 0.00000 0.00000 0.00000 0.00000 0.00000 0.00000 0.00000 0.00000 0.00000 0.00000 0.00000 0.00000 0.00000
Epiphyas_postvittana           1.00000 0.00000 0.00000 0.00000 0.00000 0.00000 0.00000 0.00000 0.00000 0.00000 0.00000 0.00000 0.00000 0.00000 0.00000 0.00000 0.00000 0.00000 0.00000 0.00000
Drosophila_melanogaster        1.00000 0.00000 0.00000 0.00000 0.00000 0.00000 0.00000 0.00000 0.00000 0.00000 0.00000 0.00000 0.00000 0.00000 0.00000 0.00000 0.00000 0.00000 0.00000 0.00000
Tetranychus_urticae            1.00000 0.00000 0.00000 0.00000 0.00000 0.00000 0.00000 0.00000 0.00000 0.00000 0.00000 0.00000 0.00000 0.00000 0.00000 0.00000 0.00000 0.00000 0.00000 0.00000
Parasteatoda_tepidariorum      1.00000 0.00000 0.00000 0.00000 0.00000 0.00000 0.00000 0.00000 0.00000 0.00000 0.00000 0.00000 0.00000 0.00000 0.00000 0.00000 0.00000 0.00000 0.00000 0.00000
Leptinotarsa_decemlineata      1.00000 0.00000 0.00000 0.00000 0.00000 0.00000 0.00000 0.00000 0.00000 0.00000 0.00000 0.00000 0.00000 0.00000 0.00000 0.00000 0.00000 0.00000 0.00000 0.00000
Limulus_polyphemus             1.00000 0.00000 0.00000 0.00000 0.00000 0.00000 0.00000 0.00000 0.00000 0.00000 0.00000 0.00000 0.00000 0.00000 0.00000 0.00000 0.00000 0.00000 0.00000 0.00000
Copidosoma_floridanum          1.00000 0.00000 0.00000 0.00000 0.00000 0.00000 0.00000 0.00000 0.00000 0.00000 0.00000 0.00000 0.00000 0.00000 0.00000 0.00000 0.00000 0.00000 0.00000 0.00000
Scarabaeidae                   1.00000 0.00000 0.00000 0.00000 0.00000 0.00000 0.00000 0.00000 0.00000 0.00000 0.00000 0.00000 0.00000 0.00000 0.00000 0.00000 0.00000 0.00000 0.00000 0.00000
Aedes_aegypti                  1.00000 0.00000 0.00000 0.00000 0.00000 0.00000 0.00000 0.00000 0.00000 0.00000 0.00000 0.00000 0.00000 0.00000 0.00000 0.00000 0.00000 0.00000 0.00000 0.00000
Sitophilus_oryzae              1.00000 0.00000 0.00000 0.00000 0.00000 0.00000 0.00000 0.00000 0.00000 0.00000 0.00000 0.00000 0.00000 0.00000 0.00000 0.00000 0.00000 0.00000 0.00000 0.00000
Camponotus_floridanus          1.00000 0.00000 0.00000 0.00000 0.00000 0.00000 0.00000 0.00000 0.00000 0.00000 0.00000 0.00000 0.00000 0.00000 0.00000 0.00000 0.00000 0.00000 0.00000 0.00000
Apis_mellifera                 1.00000 0.00000 0.00000 0.00000 0.00000 0.00000 0.00000 0.00000 0.00000 0.00000 0.00000 0.00000 0.00000 0.00000 0.00000 0.00000 0.00000 0.00000 0.00000 0.00000
Drosophila_hydei               1.00000 0.00000 0.00000 0.00000 0.00000 0.00000 0.00000 0.00000 0.00000 0.00000 0.00000 0.00000 0.00000 0.00000 0.00000 0.00000 0.00000 0.00000 0.00000 0.00000
Acyrthosiphon_pisum            1.00000 0.00000 0.00000 0.00000 0.00000 0.00000 0.00000 0.00000 0.00000 0.00000 0.00000 0.00000 0.00000 0.00000 0.00000 0.00000 0.00000 0.00000 0.00000 0.00000
Nasonia_vitripennis            1.00000 0.00000 0.00000 0.00000 0.00000 0.00000 0.00000 0.00000 0.00000 0.00000 0.00000 0.00000 0.00000 0.00000 0.00000 0.00000 0.00000 0.00000 0.00000 0.00000
Drosophila_busckii             1.00000 0.00000 0.00000 0.00000 0.00000 0.00000 0.00000 0.00000 0.00000 0.00000 0.00000 0.00000 0.00000 0.00000 0.00000 0.00000 0.00000 0.00000 0.00000 0.00000
Bradysia_coprophila            1.00000 0.00000 0.00000 0.00000 0.00000 0.00000 0.00000 0.00000 0.00000 0.00000 0.00000 0.00000 0.00000 0.00000 0.00000 0.00000 0.00000 0.00000 0.00000 0.00000
Macrobrachium_nipponense       1.00000 0.00000 0.00000 0.00000 0.00000 0.00000 0.00000 0.00000 0.00000 0.00000 0.00000 0.00000 0.00000 0.00000 0.00000 0.00000 0.00000 0.00000 0.00000 0.00000
Penaeus_monodon                1.00000 0.00000 0.00000 0.00000 0.00000 0.00000 0.00000 0.00000 0.00000 0.00000 0.00000 0.00000 0.00000 0.00000 0.00000 0.00000 0.00000 0.00000 0.00000 0.00000
Lucilia_sericata               1.00000 0.00000 0.00000 0.00000 0.00000 0.00000 0.00000 0.00000 0.00000 0.00000 0.00000 0.00000 0.00000 0.00000 0.00000 0.00000 0.00000 0.00000 0.00000 0.00000
Culex_quinquefasciatus         1.00000 0.00000 0.00000 0.00000 0.00000 0.00000 0.00000 0.00000 0.00000 0.00000 0.00000 0.00000 0.00000 0.00000 0.00000 0.00000 0.00000 0.00000 0.00000 0.00000
Bactrocera_tryoni              1.00000 0.00000 0.00000 0.00000 0.00000 0.00000 0.00000 0.00000 0.00000 0.00000 0.00000 0.00000 0.00000 0.00000 0.00000 0.00000 0.00000 0.00000 0.00000 0.00000
Penaeus_japonicus              1.00000 0.00000 0.00000 0.00000 0.00000 0.00000 0.00000 0.00000 0.00000 0.00000 0.00000 0.00000 0.00000 0.00000 0.00000 0.00000 0.00000 0.00000 0.00000 0.00000
Drosophila_willistoni          1.00000 0.00000 0.00000 0.00000 0.00000 0.00000 0.00000 0.00000 0.00000 0.00000 0.00000 0.00000 0.00000 0.00000 0.00000 0.00000 0.00000 0.00000 0.00000 0.00000
Ichneumonidae                  1.00000 0.00000 0.00000 0.00000 0.00000 0.00000 0.00000 0.00000 0.00000 0.00000 0.00000 0.00000 0.00000 0.00000 0.00000 0.00000 0.00000 0.00000 0.00000 0.00000
Parachela                      1.00000 0.00000 0.00000 0.00000 0.00000 0.00000 0.00000 0.00000 0.00000 0.00000 0.00000 0.00000 0.00000 0.00000 0.00000 0.00000 0.00000 0.00000 0.00000 0.00000
Daphnia_magna                  1.00000 0.00000 0.00000 0.00000 0.00000 0.00000 0.00000 0.00000 0.00000 0.00000 0.00000 0.00000 0.00000 0.00000 0.00000 0.00000 0.00000 0.00000 0.00000 0.00000
Helicoverpa_zea                1.00000 0.00000 0.00000 0.00000 0.00000 0.00000 0.00000 0.00000 0.00000 0.00000 0.00000 0.00000 0.00000 0.00000 0.00000 0.00000 0.00000 0.00000 0.00000 0.00000
Schistocerca_gregaria          1.00000 0.00000 0.00000 0.00000 0.00000 0.00000 0.00000 0.00000 0.00000 0.00000 0.00000 0.00000 0.00000 0.00000 0.00000 0.00000 0.00000 0.00000 0.00000 0.00000
Pectinophora_gossypiella       1.00000 0.00000 0.00000 0.00000 0.00000 0.00000 0.00000 0.00000 0.00000 0.00000 0.00000 0.00000 0.00000 0.00000 0.00000 0.00000 0.00000 0.00000 0.00000 0.00000
Phlebotomus_papatasi           1.00000 0.00000 0.00000 0.00000 0.00000 0.00000 0.00000 0.00000 0.00000 0.00000 0.00000 0.00000 0.00000 0.00000 0.00000 0.00000 0.00000 0.00000 0.00000 0.00000
Papilionidae                   1.00000 0.00000 0.00000 0.00000 0.00000 0.00000 0.00000 0.00000 0.00000 0.00000 0.00000 0.00000 0.00000 0.00000 0.00000 0.00000 0.00000 0.00000 0.00000 0.00000
Bombyx_mori                    1.00000 0.00000 0.00000 0.00000 0.00000 0.00000 0.00000 0.00000 0.00000 0.00000 0.00000 0.00000 0.00000 0.00000 0.00000 0.00000 0.00000 0.00000 0.00000 0.00000
Drosophila_virilis             1.00000 0.00000 0.00000 0.00000 0.00000 0.00000 0.00000 0.00000 0.00000 0.00000 0.00000 0.00000 0.00000 0.00000 0.00000 0.00000 0.00000 0.00000 0.00000 0.00000
Tribolium_castaneum            1.00000 0.00000 0.00000 0.00000 0.00000 0.00000 0.00000 0.00000 0.00000 0.00000 0.00000 0.00000 0.00000 0.00000 0.00000 0.00000 0.00000 0.00000 0.00000 0.00000
Artemiidae                     1.00000 0.00000 0.00000 0.00000 0.00000 0.00000 0.00000 0.00000 0.00000 0.00000 0.00000 0.00000 0.00000 0.00000 0.00000 0.00000 0.00000 0.00000 0.00000 0.00000
Blattidae                      1.00000 0.00000 0.00000 0.00000 0.00000 0.00000 0.00000 0.00000 0.00000 0.00000 0.00000 0.00000 0.00000 0.00000 0.00000 0.00000 0.00000 0.00000 0.00000 0.00000
Tettigoniidae                  1.00000 0.00000 0.00000 0.00000 0.00000 0.00000 0.00000 0.00000 0.00000 0.00000 0.00000 0.00000 0.00000 0.00000 0.00000 0.00000 0.00000 0.00000 0.00000 0.00000
Penaeus_vannamei               1.00000 0.00000 0.00000 0.00000 0.00000 0.00000 0.00000 0.00000 0.00000 0.00000 0.00000 0.00000 0.00000 0.00000 0.00000 0.00000 0.00000 0.00000 0.00000 0.00000
Pieris_rapae                   1.00000 0.00000 0.00000 0.00000 0.00000 0.00000 0.00000 0.00000 0.00000 0.00000 0.00000 0.00000 0.00000 0.00000 0.00000 0.00000 0.00000 0.00000 0.00000 0.00000
Pararge_aegeria                1.00000 0.00000 0.00000 0.00000 0.00000 0.00000 0.00000 0.00000 0.00000 0.00000 0.00000 0.00000 0.00000 0.00000 0.00000 0.00000 0.00000 0.00000 0.00000 0.00000
Athalia_rosae                  1.00000 0.00000 0.00000 0.00000 0.00000 0.00000 0.00000 0.00000 0.00000 0.00000 0.00000 0.00000 0.00000 0.00000 0.00000 0.00000 0.00000 0.00000 0.00000 0.00000
Anopheles_gambiae              1.00000 0.00000 0.00000 0.00000 0.00000 0.00000 0.00000 0.00000 0.00000 0.00000 0.00000 0.00000 0.00000 0.00000 0.00000 0.00000 0.00000 0.00000 0.00000 0.00000
Planococcus_citri              1.00000 0.00000 0.00000 0.00000 0.00000 0.00000 0.00000 0.00000 0.00000 0.00000 0.00000 0.00000 0.00000 0.00000 0.00000 0.00000 0.00000 0.00000 0.00000 0.00000
Calliphora_vicina              1.00000 0.00000 0.00000 0.00000 0.00000 0.00000 0.00000 0.00000 0.00000 0.00000 0.00000 0.00000 0.00000 0.00000 0.00000 0.00000 0.00000 0.00000 0.00000 0.00000
Stomoxys_calcitrans            1.00000 0.00000 0.00000 0.00000 0.00000 0.00000 0.00000 0.00000 0.00000 0.00000 0.00000 0.00000 0.00000 0.00000 0.00000 0.00000 0.00000 0.00000 0.00000 0.00000
Tenebrio_molitor               1.00000 0.00000 0.00000 0.00000 0.00000 0.00000 0.00000 0.00000 0.00000 0.00000 0.00000 0.00000 0.00000 0.00000 0.00000 0.00000 0.00000 0.00000 0.00000 0.00000
Diaptomidae                    1.00000 0.00000 0.00000 0.00000 0.00000 0.00000 0.00000 0.00000 0.00000 0.00000 0.00000 0.00000 0.00000 0.00000 0.00000 0.00000 0.00000 0.00000 0.00000 0.00000
Inocellia_japonica             1.00000 0.00000 0.00000 0.00000 0.00000 0.00000 0.00000 0.00000 0.00000 0.00000 0.00000 0.00000 0.00000 0.00000 0.00000 0.00000 0.00000 0.00000 0.00000 0.00000
Sialidae                       1.00000 0.00000 0.00000 0.00000 0.00000 0.00000 0.00000 0.00000 0.00000 0.00000 0.00000 0.00000 0.00000 0.00000 0.00000 0.00000 0.00000 0.00000 0.00000 0.00000
Blissidae                      1.00000 0.00000 0.00000 0.00000 0.00000 0.00000 0.00000 0.00000 0.00000 0.00000 0.00000 0.00000 0.00000 0.00000 0.00000 0.00000 0.00000 0.00000 0.00000 0.00000
Oncopeltus_fasciatus           1.00000 0.00000 0.00000 0.00000 0.00000 0.00000 0.00000 0.00000 0.00000 0.00000 0.00000 0.00000 0.00000 0.00000 0.00000 0.00000 0.00000 0.00000 0.00000 0.00000
Phlaeothripidae                1.00000 0.00000 0.00000 0.00000 0.00000 0.00000 0.00000 0.00000 0.00000 0.00000 0.00000 0.00000 0.00000 0.00000 0.00000 0.00000 0.00000 0.00000 0.00000 0.00000
Dytiscidae                     1.00000 0.00000 0.00000 0.00000 0.00000 0.00000 0.00000 0.00000 0.00000 0.00000 0.00000 0.00000 0.00000 0.00000 0.00000 0.00000 0.00000 0.00000 0.00000 0.00000
Odontotaenius_disjunctus       1.00000 0.00000 0.00000 0.00000 0.00000 0.00000 0.00000 0.00000 0.00000 0.00000 0.00000 0.00000 0.00000 0.00000 0.00000 0.00000 0.00000 0.00000 0.00000 0.00000
Hydrophilidae                  1.00000 0.00000 0.00000 0.00000 0.00000 0.00000 0.00000 0.00000 0.00000 0.00000 0.00000 0.00000 0.00000 0.00000 0.00000 0.00000 0.00000 0.00000 0.00000 0.00000
Carabidae                      1.00000 0.00000 0.00000 0.00000 0.00000 0.00000 0.00000 0.00000 0.00000 0.00000 0.00000 0.00000 0.00000 0.00000 0.00000 0.00000 0.00000 0.00000 0.00000 0.00000
Stenopsychidae                 1.00000 0.00000 0.00000 0.00000 0.00000 0.00000 0.00000 0.00000 0.00000 0.00000 0.00000 0.00000 0.00000 0.00000 0.00000 0.00000 0.00000 0.00000 0.00000 0.00000
Rhodnius_prolixus              1.00000 0.00000 0.00000 0.00000 0.00000 0.00000 0.00000 0.00000 0.00000 0.00000 0.00000 0.00000 0.00000 0.00000 0.00000 0.00000 0.00000 0.00000 0.00000 0.00000
Icerya_purchasi                1.00000 0.00000 0.00000 0.00000 0.00000 0.00000 0.00000 0.00000 0.00000 0.00000 0.00000 0.00000 0.00000 0.00000 0.00000 0.00000 0.00000 0.00000 0.00000 0.00000
Hepialidae                     1.00000 0.00000 0.00000 0.00000 0.00000 0.00000 0.00000 0.00000 0.00000 0.00000 0.00000 0.00000 0.00000 0.00000 0.00000 0.00000 0.00000 0.00000 0.00000 0.00000
Scutigerellidae                1.00000 0.00000 0.00000 0.00000 0.00000 0.00000 0.00000 0.00000 0.00000 0.00000 0.00000 0.00000 0.00000 0.00000 0.00000 0.00000 0.00000 0.00000 0.00000 0.00000
Glomeridae                     1.00000 0.00000 0.00000 0.00000 0.00000 0.00000 0.00000 0.00000 0.00000 0.00000 0.00000 0.00000 0.00000 0.00000 0.00000 0.00000 0.00000 0.00000 0.00000 0.00000
Callosobruchus_maculatus       1.00000 0.00000 0.00000 0.00000 0.00000 0.00000 0.00000 0.00000 0.00000 0.00000 0.00000 0.00000 0.00000 0.00000 0.00000 0.00000 0.00000 0.00000 0.00000 0.00000
Antheraea_pernyi               1.00000 0.00000 0.00000 0.00000 0.00000 0.00000 0.00000 0.00000 0.00000 0.00000 0.00000 0.00000 0.00000 0.00000 0.00000 0.00000 0.00000 0.00000 0.00000 0.00000
Liposcelididae                 1.00000 0.00000 0.00000 0.00000 0.00000 0.00000 0.00000 0.00000 0.00000 0.00000 0.00000 0.00000 0.00000 0.00000 0.00000 0.00000 0.00000 0.00000 0.00000 0.00000
Parhyale_hawaiensis            1.00000 0.00000 0.00000 0.00000 0.00000 0.00000 0.00000 0.00000 0.00000 0.00000 0.00000 0.00000 0.00000 0.00000 0.00000 0.00000 0.00000 0.00000 0.00000 0.00000
Sididae                        1.00000 0.00000 0.00000 0.00000 0.00000 0.00000 0.00000 0.00000 0.00000 0.00000 0.00000 0.00000 0.00000 0.00000 0.00000 0.00000 0.00000 0.00000 0.00000 0.00000
Gammaridae                     1.00000 0.00000 0.00000 0.00000 0.00000 0.00000 0.00000 0.00000 0.00000 0.00000 0.00000 0.00000 0.00000 0.00000 0.00000 0.00000 0.00000 0.00000 0.00000 0.00000
Acheta_domesticus              1.00000 0.00000 0.00000 0.00000 0.00000 0.00000 0.00000 0.00000 0.00000 0.00000 0.00000 0.00000 0.00000 0.00000 0.00000 0.00000 0.00000 0.00000 0.00000 0.00000
Palinuridae                    1.00000 0.00000 0.00000 0.00000 0.00000 0.00000 0.00000 0.00000 0.00000 0.00000 0.00000 0.00000 0.00000 0.00000 0.00000 0.00000 0.00000 0.00000 0.00000 0.00000
Pseudoscorpiones               1.00000 0.00000 0.00000 0.00000 0.00000 0.00000 0.00000 0.00000 0.00000 0.00000 0.00000 0.00000 0.00000 0.00000 0.00000 0.00000 0.00000 0.00000 0.00000 0.00000
Leptocheliidae                 1.00000 0.00000 0.00000 0.00000 0.00000 0.00000 0.00000 0.00000 0.00000 0.00000 0.00000 0.00000 0.00000 0.00000 0.00000 0.00000 0.00000 0.00000 0.00000 0.00000
Calanidae                      1.00000 0.00000 0.00000 0.00000 0.00000 0.00000 0.00000 0.00000 0.00000 0.00000 0.00000 0.00000 0.00000 0.00000 0.00000 0.00000 0.00000 0.00000 0.00000 0.00000
Amblypygi                      1.00000 0.00000 0.00000 0.00000 0.00000 0.00000 0.00000 0.00000 0.00000 0.00000 0.00000 0.00000 0.00000 0.00000 0.00000 0.00000 0.00000 0.00000 0.00000 0.00000
Euscorpiidae                   1.00000 0.00000 0.00000 0.00000 0.00000 0.00000 0.00000 0.00000 0.00000 0.00000 0.00000 0.00000 0.00000 0.00000 0.00000 0.00000 0.00000 0.00000 0.00000 0.00000
Mysidae                        1.00000 0.00000 0.00000 0.00000 0.00000 0.00000 0.00000 0.00000 0.00000 0.00000 0.00000 0.00000 0.00000 0.00000 0.00000 0.00000 0.00000 0.00000 0.00000 0.00000
Peripatopsidae                 1.00000 0.00000 0.00000 0.00000 0.00000 0.00000 0.00000 0.00000 0.00000 0.00000 0.00000 0.00000 0.00000 0.00000 0.00000 0.00000 0.00000 0.00000 0.00000 0.00000
Peripatidae                    1.00000 0.00000 0.00000 0.00000 0.00000 0.00000 0.00000 0.00000 0.00000 0.00000 0.00000 0.00000 0.00000 0.00000 0.00000 0.00000 0.00000 0.00000 0.00000 0.00000
Machilidae                     1.00000 0.00000 0.00000 0.00000 0.00000 0.00000 0.00000 0.00000 0.00000 0.00000 0.00000 0.00000 0.00000 0.00000 0.00000 0.00000 0.00000 0.00000 0.00000 0.00000
Agelenidae                     1.00000 0.00000 0.00000 0.00000 0.00000 0.00000 0.00000 0.00000 0.00000 0.00000 0.00000 0.00000 0.00000 0.00000 0.00000 0.00000 0.00000 0.00000 0.00000 0.00000

Homogeneity statistic: X2 = 0.00000 G = 0.00000 

Average                        1.00000 0.00000 0.00000 0.00000 0.00000 0.00000 0.00000 0.00000 0.00000 0.00000 0.00000 0.00000 0.00000 0.00000 0.00000 0.00000 0.00000 0.00000 0.00000 0.00000

# constant sites:      1 (100.00%)
Time used: 6:59:08

mean of parameters using all iterations
   5.29969   5.26169   5.22276   4.84835   4.72855   4.70815   4.68515   4.64771   4.43520   4.40096   3.64330   3.48125   3.37171   3.29332   3.13017   2.79245   2.76860   2.74995   2.73730   2.19076   1.33238   1.29512   0.99516   0.35387   0.65113   1.12806   0.80101   0.89014   0.59079   2.11572   2.58034   1.81499   1.62482   1.03139   0.66220   1.92672   0.76861   1.55184   1.13088   0.82707   0.82284   0.61389   0.46369   0.14421   0.30626   0.82025   0.41604   0.04285   2.64270   2.45391   2.13511   2.11800   2.10827   1.95100   1.94159   1.54119   1.56789   1.04862   1.03720   1.22944   0.76929   2.12744   1.00831   1.08908   2.22687   0.12276   2.09087   2.07866   0.68045   0.08333   2.07489   1.00299   0.81132   2.74223   2.27848   1.81432   1.79029   1.19580   1.67218   1.63110   2.41388   1.63817   1.49258   1.44216   0.78915   0.24816   0.16604   0.05093   4.62267   4.31967   3.00279   4.38862   4.37020   4.35667   3.73294   0.52378   3.66509   4.66912   4.63319   3.41878   1.73455   1.51933   1.15294   3.14308   1.16378   3.22049   2.99813   2.84685   0.52834   0.38480   4.05180   0.18158   0.39305   5.17506   5.14379   4.87986   4.84164   4.61609   2.09790   1.15609   2.41242   0.93147   0.24047   0.42344   0.08708

Species tree for FigTree.  Branch lengths = posterior mean times; 95% CIs = labels
((((((((((((((((((((((((1_Musca_domestica, 2_Stomoxys_calcitrans) 148 , (3_Lucilia_sericata, 4_Calliphora_vicina) 149 ) 147 , ((5_Drosophila_melanogaster, 6_Drosophila_willistoni) 151 , ((7_Drosophila_hydei, 8_Drosophila_virilis) 153 , 9_Drosophila_busckii) 152 ) 150 ) 146 , 10_Bactrocera_tryoni) 145 , (11_Mayetiola_destructor, 12_Bradysia_coprophila) 154 ) 144 , ((13_Chironomidae, ((14_Aedes_aegypti, 15_Culex_quinquefasciatus) 158 , 16_Anopheles_gambiae) 157 ) 156 , (17_Clogmia_albipunctata, 18_Phlebotomus_papatasi) 159 ) 155 ) 143 , ((19_Panorpidae, 20_Ctenocephalides_felis) 161 , 21_Boreidae) 160 ) 142 , (((((((22_Erebidae, 23_Helicoverpa_zea) 168 , (24_Bombyx_mori, 25_Antheraea_pernyi) 169 ) 167 , 26_Pectinophora_gossypiella) 166 , (((27_Nymphalis_antiopa, 28_Pararge_aegeria) 172 , 29_Pieris_rapae) 171 , 30_Papilionidae) 170 ) 165 , 31_Epiphyas_postvittana) 164 , 32_Hepialidae) 163 , 33_Stenopsychidae) 162 ) 141 , ((((((34_Meloidae, ((35_Tribolium_confusum, 36_Tribolium_castaneum) 180 , 37_Tenebrio_molitor) 179 ) 178 , (((38_Acanthoscelides_obtectus, 39_Callosobruchus_maculatus) 183 , 40_Leptinotarsa_decemlineata) 182 , 41_Sitophilus_oryzae) 181 ) 177 , ((42_Scarabaeidae, 43_Odontotaenius_disjunctus) 185 , 44_Hydrophilidae) 184 ) 176 , 45_Lampyridae) 175 , (46_Gyrinidae, (47_Dytiscidae, 48_Carabidae) 187 ) 186 ) 174 , (49_Inocellia_japonica, 50_Sialidae) 188 ) 173 ) 140 , ((51_Tenthredinidae, 52_Athalia_rosae) 190 , (((53_Trichogramma_evanescens, (54_Copidosoma_floridanum, 55_Nasonia_vitripennis) 194 ) 193 , ((56_Lasius_niger, 57_Camponotus_floridanus) 196 , 58_Apis_mellifera) 195 ) 192 , (59_Macrocentrus_cingulum, 60_Ichneumonidae) 197 ) 191 ) 189 ) 139 , 61_Liposcelididae) 138 , ((((62_Pyrrhocoris_apterus, (63_Blissidae, 64_Oncopeltus_fasciatus) 202 ) 201 , 65_Rhodnius_prolixus) 200 , (66_Acyrthosiphon_pisum, (67_Planococcus_citri, 68_Icerya_purchasi) 204 ) 203 ) 199 , 69_Phlaeothripidae) 198 ) 137 , (((70_Mantidae, (71_Blattella_germanica, 72_Blattidae) 208 ) 207 , ((73_Locusta_migratoria, 74_Schistocerca_gregaria) 210 , ((75_Gryllus_bimaculatus, 76_Acheta_domesticus) 212 , 77_Tettigoniidae) 211 ) 209 ) 206 , 78_Forficula_auricularia) 205 ) 136 , 79_Epiophlebia_superstes) 135 , 80_Thermobia_domestica) 134 , 81_Machilidae) 133 , (82_Tomoceridae, ((83_Anurida_maritima, 84_Tetrodontophora_bielanensis) 215 , 85_Allacma_fusca) 214 ) 213 ) 132 , (((86_Triopsidae, ((87_Simocephalus_vetulus, 88_Daphnia_magna) 220 , 89_Sididae) 219 ) 218 , 90_Artemiidae) 217 , (91_Diaptomidae, 92_Calanidae) 221 ) 216 ) 131 , ((((((93_Armadillidium_vulgare, 94_Armadillidium_nasatum) 227 , 95_Asellus_aquaticus) 226 , 96_Leptocheliidae) 225 , 97_Mysidae) 224 , ((98_Talitridae, 99_Parhyale_hawaiensis) 229 , 100_Gammaridae) 228 ) 223 , (101_Meganyctiphanes_norvegica, ((102_Macrobrachium_nipponense, 103_Palinuridae) 232 , ((104_Penaeus_monodon, 105_Penaeus_vannamei) 234 , 106_Penaeus_japonicus) 233 ) 231 ) 230 ) 222 ) 130 , 107_Cytherideidae) 129 , ((108_Scolopendra_cingulata, 109_Strigamia_maritima) 236 , (110_Scutigerellidae, 111_Glomeridae) 237 ) 235 ) 128 , (112_Nymphonidae, ((113_Phalangium_opilio, ((((114_Parasteatoda_tepidariorum, 115_Agelenidae) 244 , 116_Amblypygi) 243 , 117_Euscorpiidae) 242 , 118_Limulus_polyphemus) 241 ) 240 , ((119_Acaridae, 120_Tetranychus_urticae) 246 , 121_Pseudoscorpiones) 245 ) 239 ) 238 ) 127 , (122_Peripatopsidae, 123_Peripatidae) 247 ) 126 , 124_Parachela) 125 ;

((((((((((((((((((((((((Musca_domestica: 0.353867, Stomoxys_calcitrans: 0.353867): 0.641294, (Lucilia_sericata: 0.651132, Calliphora_vicina: 0.651132): 0.344029): 0.299961, ((Drosophila_melanogaster: 0.801007, Drosophila_willistoni: 0.801007): 0.327051, ((Drosophila_hydei: 0.590789, Drosophila_virilis: 0.590789): 0.299356, Drosophila_busckii: 0.890144): 0.237914): 0.167065): 0.037262, Bactrocera_tryoni: 1.332385): 0.858370, (Mayetiola_destructor: 2.115722, Bradysia_coprophila: 2.115722): 0.075033): 0.546540, ((Chironomidae: 1.814993, ((Aedes_aegypti: 1.031392, Culex_quinquefasciatus: 1.031392): 0.593431, Anopheles_gambiae: 1.624823): 0.190170): 0.765346, (Clogmia_albipunctata: 0.662201, Phlebotomus_papatasi: 0.662201): 1.918139): 0.156956): 0.012651, ((Panorpidae: 0.768613, Ctenocephalides_felis: 0.768613): 1.158103, Boreidae: 1.926716): 0.823230): 0.018658, (((((((Erebidae: 0.144207, Helicoverpa_zea: 0.144207): 0.319485, (Bombyx_mori: 0.306257, Antheraea_pernyi: 0.306257): 0.157434): 0.150196, Pectinophora_gossypiella: 0.613888): 0.208952, (((Nymphalis_antiopa: 0.042854, Pararge_aegeria: 0.042854): 0.373186, Pieris_rapae: 0.416040): 0.404207, Papilionidae: 0.820247): 0.002592): 0.004235, Epiphyas_postvittana: 0.827074): 0.303807, Hepialidae: 1.130881): 0.420956, Stenopsychidae: 1.551837): 1.216767): 0.023844, ((((((Meloidae: 1.951003, ((Tribolium_confusum: 1.541192, Tribolium_castaneum: 1.541192): 0.400403, Tenebrio_molitor: 1.941594): 0.009409): 0.157269, (((Acanthoscelides_obtectus: 1.037200, Callosobruchus_maculatus: 1.037200): 0.011419, Leptinotarsa_decemlineata: 1.048618): 0.519269, Sitophilus_oryzae: 1.567887): 0.540384): 0.009730, ((Scarabaeidae: 0.769291, Odontotaenius_disjunctus: 0.769291): 0.460147, Hydrophilidae: 1.229438): 0.888564): 0.017111, Lampyridae: 2.135112): 0.318794, (Gyrinidae: 2.127444, (Dytiscidae: 1.008307, Carabidae: 1.008307): 1.119137): 0.326462): 0.188792, (Inocellia_japonica: 1.089083, Sialidae: 1.089083): 1.553615): 0.149750): 0.337722, ((Tenthredinidae: 0.122758, Athalia_rosae: 0.122758): 2.104111, (((Trichogramma_evanescens: 0.680452, (Copidosoma_floridanum: 0.083330, Nasonia_vitripennis: 0.083330): 0.597122): 1.398205, ((Lasius_niger: 1.002994, Camponotus_floridanus: 1.002994): 1.071901, Apis_mellifera: 2.074894): 0.003763): 0.012216, (Macrocentrus_cingulum: 0.811316, Ichneumonidae: 0.811316): 1.279558): 0.135996): 0.903301): 0.163151, Liposcelididae: 3.293322): 0.078385, ((((Pyrrhocoris_apterus: 1.790293, (Blissidae: 1.195800, Oncopeltus_fasciatus: 1.195800): 0.594493): 0.024029, Rhodnius_prolixus: 1.814322): 0.464154, (Acyrthosiphon_pisum: 1.672178, (Planococcus_citri: 1.631102, Icerya_purchasi: 1.631102): 0.041075): 0.606298): 0.463753, Phlaeothripidae: 2.742228): 0.629479): 0.109541, (((Mantidae: 1.492584, (Blattella_germanica: 1.442159, Blattidae: 1.442159): 0.050425): 0.145581, ((Locusta_migratoria: 0.248162, Schistocerca_gregaria: 0.248162): 0.540990, ((Gryllus_bimaculatus: 0.050929, Acheta_domesticus: 0.050929): 0.115108, Tettigoniidae: 0.166037): 0.623115): 0.849013): 0.775712, Forficula_auricularia: 2.413877): 1.067371): 0.162049, Epiophlebia_superstes: 3.643296): 0.757660, Thermobia_domestica: 4.400956): 0.034246, Machilidae: 4.435202): 0.212505, (Tomoceridae: 4.622674, ((Anurida_maritima: 3.002787, Tetrodontophora_bielanensis: 3.002787): 1.316878, Allacma_fusca: 4.319665): 0.303008): 0.025034): 0.037443, (((Triopsidae: 4.356667, ((Simocephalus_vetulus: 0.523783, Daphnia_magna: 0.523783): 3.209159, Sididae: 3.732941): 0.623726): 0.013537, Artemiidae: 4.370204): 0.018420, (Diaptomidae: 3.665093, Calanidae: 3.665093): 0.723532): 0.296525): 0.022997, ((((((Armadillidium_vulgare: 1.152936, Armadillidium_nasatum: 1.152936): 0.366392, Asellus_aquaticus: 1.519328): 0.215224, Leptocheliidae: 1.734552): 1.684226, Mysidae: 3.418778): 1.214410, ((Talitridae: 1.163783, Parhyale_hawaiensis: 1.163783): 1.979293, Gammaridae: 3.143077): 1.490111): 0.035934, (Meganyctiphanes_norvegica: 3.220487, ((Macrobrachium_nipponense: 2.846855, Palinuridae: 2.846855): 0.151272, ((Penaeus_monodon: 0.384796, Penaeus_vannamei: 0.384796): 0.143542, Penaeus_japonicus: 0.528338): 2.469788): 0.222360): 1.448635): 0.039026): 0.020399, Cytherideidae: 4.728547): 0.119803, ((Scolopendra_cingulata: 0.181585, Strigamia_maritima: 0.181585): 3.870214, (Scutigerellidae: 0.393045, Glomeridae: 0.393045): 3.658753): 0.796551): 0.374406, (Nymphonidae: 5.175056, ((Phalangium_opilio: 4.879860, ((((Parasteatoda_tepidariorum: 1.156089, Agelenidae: 1.156089): 0.941815, Amblypygi: 2.097905): 2.518184, Euscorpiidae: 4.616089): 0.225548, Limulus_polyphemus: 4.841637): 0.038223): 0.263925, ((Acaridae: 0.931470, Tetranychus_urticae: 0.931470): 1.480947, Pseudoscorpiones: 2.412417): 2.731368): 0.031270): 0.047701): 0.038934, (Peripatopsidae: 0.240467, Peripatidae: 0.240467): 5.021224): 0.037999, Parachela: 5.299690);
