2025-07-14 23:00:40 DEBUG:busco.run_BUSCO	Command line: /usr/local/bin/busco -i ../ncbi_dataset/data/GCA_022818195.1/protein_longest.faa -l arthropoda_odb12 -c 50 -m prot -f -o ./BUSCO_outputs/GCA_022818195.1 --offline
2025-07-14 23:00:40 INFO:busco.run_BUSCO	***** Start a BUSCO v5.8.3 analysis, current time: 07/14/2025 23:00:40 *****
2025-07-14 23:00:40 DEBUG:busco.ConfigManager	Getting config file
2025-07-14 23:00:40 INFO:busco.ConfigManager	Configuring BUSCO with local environment
2025-07-14 23:00:40 INFO:busco.BuscoConfig	Running proteins mode
2025-07-14 23:00:40 INFO:busco.BuscoConfig	'Force' option selected; overwriting previous results directory
2025-07-14 23:00:40 DEBUG:busco.BuscoConfig	State of BUSCO config before run:
2025-07-14 23:00:40 DEBUG:busco.BuscoConfig	{'_allow_no_value': False,
 '_comment_prefixes': ('#', ';'),
 '_converters': <configparser.ConverterMapping object at 0x154b374239b0>,
 '_defaults': {},
 '_delimiters': ('=', ':'),
 '_dict': <class 'dict'>,
 '_empty_lines_in_values': True,
 '_inline_comment_prefixes': (),
 '_input_filepath': '../ncbi_dataset/data/GCA_022818195.1/protein_longest.faa',
 '_interpolation': <configparser.BasicInterpolation object at 0x154b46ca8350>,
 '_mode': 'proteins',
 '_optcre': re.compile('\n        (?P<option>.*?)                    # very permissive!\n        \\s*(?P<vi>=|:)\\s*              # any number of space/tab,\n                                           # followed by any of t, re.VERBOSE),
 '_proxies': {'DEFAULT': <Section: DEFAULT>,
              'augustus': <Section: augustus>,
              'bbtools': <Section: bbtools>,
              'busco_run': <Section: busco_run>,
              'etraining': <Section: etraining>,
              'gff2gbSmallDNA.pl': <Section: gff2gbSmallDNA.pl>,
              'hmmsearch': <Section: hmmsearch>,
              'makeblastdb': <Section: makeblastdb>,
              'metaeuk': <Section: metaeuk>,
              'miniprot': <Section: miniprot>,
              'new_species.pl': <Section: new_species.pl>,
              'optimize_augustus.pl': <Section: optimize_augustus.pl>,
              'prodigal': <Section: prodigal>,
              'sepp': <Section: sepp>,
              'tblastn': <Section: tblastn>},
 '_sections': {'augustus': {'command': '', 'path': ''},
               'bbtools': {'command': '', 'path': ''},
               'busco_run': {'auto-lineage': 'False',
                             'auto-lineage-euk': 'False',
                             'auto-lineage-prok': 'False',
                             'batch_mode': 'False',
                             'cpu': '50',
                             'datasets_version': 'odb12',
                             'download_base_url': 'https://busco-data.ezlab.org/v5/data/',
                             'download_path': '/n/netscratch/extavour_lab/Everyone/Rishabh/panarthropoda_gc_specification_evolution/busco_downloads',
                             'force': 'True',
                             'in': '/n/netscratch/extavour_lab/Everyone/Rishabh/ncbi_dataset/data/GCA_022818195.1/protein_longest.faa',
                             'lineage_dataset': 'arthropoda_odb12',
                             'main_out': './BUSCO_outputs/GCA_022818195.1',
                             'mode': 'proteins',
                             'offline': 'True',
                             'opt-out-run-stats': 'False',
                             'out': './BUSCO_outputs/GCA_022818195.1',
                             'out_path': '/n/netscratch/extavour_lab/Everyone/Rishabh/panarthropoda_gc_specification_evolution',
                             'quiet': 'False',
                             'restart': 'False',
                             'skip_bbtools': 'False',
                             'tar': 'False',
                             'use_augustus': 'False',
                             'use_metaeuk': 'False',
                             'use_miniprot': 'False'},
               'etraining': {'command': '', 'path': ''},
               'gff2gbSmallDNA.pl': {'command': '', 'path': ''},
               'hmmsearch': {'command': '', 'path': ''},
               'makeblastdb': {'command': '', 'path': ''},
               'metaeuk': {'command': '', 'path': ''},
               'miniprot': {'command': '', 'path': ''},
               'new_species.pl': {'command': '', 'path': ''},
               'optimize_augustus.pl': {'command': '', 'path': ''},
               'prodigal': {'command': '', 'path': ''},
               'sepp': {'command': '', 'path': ''},
               'tblastn': {'command': '', 'path': ''}},
 '_strict': True,
 'conf_file': 'local environment',
 'default_section': 'DEFAULT',
 'downloader': <busco.BuscoDownloadManager.BuscoDownloadManager object at 0x154b3914b770>,
 'main_out': './BUSCO_outputs/GCA_022818195.1',
 'params': {'augustus_parameters': None,
            'augustus_species': None,
            'auto-lineage': False,
            'auto-lineage-euk': False,
            'auto-lineage-prok': False,
            'config_file': None,
            'contig_break': None,
            'cpu': 50,
            'datasets_version': None,
            'download': '==SUPPRESS==',
            'download_base_url': None,
            'download_path': None,
            'evalue': None,
            'force': True,
            'help': '==SUPPRESS==',
            'in': '../ncbi_dataset/data/GCA_022818195.1/protein_longest.faa',
            'limit': None,
            'lineage_dataset': 'arthropoda_odb12',
            'list_datasets': '==SUPPRESS==',
            'long': False,
            'metaeuk_parameters': None,
            'metaeuk_rerun_parameters': None,
            'mode': 'prot',
            'offline': True,
            'opt-out-run-stats': False,
            'out': './BUSCO_outputs/GCA_022818195.1',
            'out_path': None,
            'quiet': False,
            'restart': False,
            'scaffold_composition': False,
            'skip_bbtools': False,
            'tar': False,
            'use_augustus': False,
            'use_metaeuk': False,
            'use_miniprot': False,
            'version': '==SUPPRESS=='},
 'run_stats': {'cpu': 50,
               'force': True,
               'input_file_size': 9397625,
               'lineage_dataset': ['arthropoda_odb12'],
               'mode': 'prot',
               'offline': True}}
2025-07-14 23:00:40 INFO:busco.BuscoRunner	Input file is /n/netscratch/extavour_lab/Everyone/Rishabh/ncbi_dataset/data/GCA_022818195.1/protein_longest.faa
2025-07-14 23:00:40 ERROR:busco.BuscoRunner	Unable to run BUSCO in offline mode. Dataset /n/netscratch/extavour_lab/Everyone/Rishabh/panarthropoda_gc_specification_evolution/busco_downloads/lineages/arthropoda_odb12 does not exist.
2025-07-14 23:00:40 DEBUG:busco.BuscoRunner	Unable to run BUSCO in offline mode. Dataset /n/netscratch/extavour_lab/Everyone/Rishabh/panarthropoda_gc_specification_evolution/busco_downloads/lineages/arthropoda_odb12 does not exist.
Traceback (most recent call last):
  File "/usr/local/lib/python3.12/site-packages/busco/run_BUSCO.py", line 74, in run
    runner.run()
  File "/usr/local/lib/python3.12/site-packages/busco/BuscoLogger.py", line 62, in wrapped_func
    self.retval = func(*args, **kwargs)
                  ^^^^^^^^^^^^^^^^^^^^^
  File "/usr/local/lib/python3.12/site-packages/busco/BuscoRunner.py", line 124, in run
    self.get_lineage()
  File "/usr/local/lib/python3.12/site-packages/busco/BuscoRunner.py", line 75, in get_lineage
    self.config.load_dataset(self.lineage_dataset)
  File "/usr/local/lib/python3.12/site-packages/busco/BuscoConfig.py", line 228, in load_dataset
    self.download_lineage_file(
  File "/usr/local/lib/python3.12/site-packages/busco/BuscoConfig.py", line 222, in download_lineage_file
    local_lineage_filepath = self.downloader.get(lineage, "lineages")
                             ^^^^^^^^^^^^^^^^^^^^^^^^^^^^^^^^^^^^^^^^
  File "/usr/local/lib/python3.12/site-packages/busco/BuscoDownloadManager.py", line 200, in get
    raise BuscoError(
busco.Exceptions.BuscoError: Unable to run BUSCO in offline mode. Dataset /n/netscratch/extavour_lab/Everyone/Rishabh/panarthropoda_gc_specification_evolution/busco_downloads/lineages/arthropoda_odb12 does not exist.
2025-07-14 23:00:40 ERROR:busco.BuscoRunner	BUSCO analysis failed!
2025-07-14 23:00:40 ERROR:busco.BuscoRunner	Check the logs, read the user guide (https://busco.ezlab.org/busco_userguide.html), and check the BUSCO issue board on https://gitlab.com/ezlab/busco/issues

